<?xml version="1.0" encoding="UTF-8" ?>
<testsuite failures="0" time="0.349" errors="0" skipped="0" tests="1" name="TestSuite">
  <properties>
    <property name="java.runtime.name" value="OpenJDK Runtime Environment"/>
    <property name="sun.boot.library.path" value="/usr/lib/jvm/java-1.7.0-openjdk-1.7.0.9.x86_64/jre/lib/amd64"/>
    <property name="java.vm.version" value="23.2-b09"/>
    <property name="java.vm.vendor" value="Oracle Corporation"/>
    <property name="java.vendor.url" value="http://java.oracle.com/"/>
    <property name="path.separator" value=":"/>
    <property name="java.vm.name" value="OpenJDK 64-Bit Server VM"/>
    <property name="file.encoding.pkg" value="sun.io"/>
    <property name="user.country" value="US"/>
    <property name="sun.java.launcher" value="SUN_STANDARD"/>
    <property name="sun.os.patch.level" value="unknown"/>
    <property name="java.vm.specification.name" value="Java Virtual Machine Specification"/>
    <property name="user.dir" value="/home/rumble/YCSB/core"/>
    <property name="java.runtime.version" value="1.7.0_09-icedtea-mockbuild_2013_01_15_04_12-b00"/>
    <property name="java.awt.graphicsenv" value="sun.awt.X11GraphicsEnvironment"/>
    <property name="basedir" value="/home/rumble/YCSB/core"/>
    <property name="java.endorsed.dirs" value="/usr/lib/jvm/java-1.7.0-openjdk-1.7.0.9.x86_64/jre/lib/endorsed"/>
    <property name="os.arch" value="amd64"/>
    <property name="surefire.real.class.path" value="/tmp/surefirebooter5495547457630247040.jar"/>
    <property name="java.io.tmpdir" value="/tmp"/>
    <property name="line.separator" value="
"/>
    <property name="java.vm.specification.vendor" value="Oracle Corporation"/>
    <property name="os.name" value="Linux"/>
    <property name="sun.jnu.encoding" value="ANSI_X3.4-1968"/>
    <property name="java.library.path" value="/usr/local/lib:/usr/java/packages/lib/amd64:/usr/lib64:/lib64:/lib:/usr/lib"/>
    <property name="surefire.test.class.path" value="/home/rumble/YCSB/core/target/test-classes:/home/rumble/YCSB/core/target/classes:/home/rumble/.m2/repository/org/codehaus/jackson/jackson-mapper-asl/1.9.4/jackson-mapper-asl-1.9.4.jar:/home/rumble/.m2/repository/org/codehaus/jackson/jackson-core-asl/1.9.4/jackson-core-asl-1.9.4.jar:/home/rumble/.m2/repository/org/testng/testng/6.1.1/testng-6.1.1.jar:/home/rumble/.m2/repository/junit/junit/3.8.1/junit-3.8.1.jar:/home/rumble/.m2/repository/org/beanshell/bsh/2.0b4/bsh-2.0b4.jar:/home/rumble/.m2/repository/com/beust/jcommander/1.12/jcommander-1.12.jar:/home/rumble/.m2/repository/org/yaml/snakeyaml/1.6/snakeyaml-1.6.jar:/home/rumble/.m2/repository/checkstyle/checkstyle/5.0/checkstyle-5.0.jar:/home/rumble/.m2/repository/antlr/antlr/2.7.6/antlr-2.7.6.jar:/home/rumble/.m2/repository/commons-beanutils/commons-beanutils-core/1.7.0/commons-beanutils-core-1.7.0.jar:/home/rumble/.m2/repository/commons-logging/commons-logging/1.0.3/commons-logging-1.0.3.jar:/home/rumble/.m2/repository/commons-collections/commons-collections/2.0/commons-collections-2.0.jar:/home/rumble/.m2/repository/commons-cli/commons-cli/1.0/commons-cli-1.0.jar:/home/rumble/.m2/repository/commons-lang/commons-lang/1.0/commons-lang-1.0.jar:/home/rumble/.m2/repository/com/google/collections/google-collections/1.0/google-collections-1.0.jar:/home/rumble/.m2/repository/org/jdom/jdom/1.1/jdom-1.1.jar:/home/rumble/.m2/repository/org/slf4j/slf4j-api/1.6.4/slf4j-api-1.6.4.jar:"/>
    <property name="java.specification.name" value="Java Platform API Specification"/>
    <property name="java.class.version" value="51.0"/>
    <property name="sun.management.compiler" value="HotSpot 64-Bit Tiered Compilers"/>
    <property name="os.version" value="2.6.32-279.el6.x86_64"/>
    <property name="user.home" value="/home/rumble"/>
    <property name="user.timezone" value="America/Los_Angeles"/>
    <property name="java.awt.printerjob" value="sun.print.PSPrinterJob"/>
    <property name="file.encoding" value="ANSI_X3.4-1968"/>
    <property name="java.specification.version" value="1.7"/>
    <property name="user.name" value="rumble"/>
    <property name="java.class.path" value="/home/rumble/YCSB/core/target/test-classes:/home/rumble/YCSB/core/target/classes:/home/rumble/.m2/repository/org/codehaus/jackson/jackson-mapper-asl/1.9.4/jackson-mapper-asl-1.9.4.jar:/home/rumble/.m2/repository/org/codehaus/jackson/jackson-core-asl/1.9.4/jackson-core-asl-1.9.4.jar:/home/rumble/.m2/repository/org/testng/testng/6.1.1/testng-6.1.1.jar:/home/rumble/.m2/repository/junit/junit/3.8.1/junit-3.8.1.jar:/home/rumble/.m2/repository/org/beanshell/bsh/2.0b4/bsh-2.0b4.jar:/home/rumble/.m2/repository/com/beust/jcommander/1.12/jcommander-1.12.jar:/home/rumble/.m2/repository/org/yaml/snakeyaml/1.6/snakeyaml-1.6.jar:/home/rumble/.m2/repository/checkstyle/checkstyle/5.0/checkstyle-5.0.jar:/home/rumble/.m2/repository/antlr/antlr/2.7.6/antlr-2.7.6.jar:/home/rumble/.m2/repository/commons-beanutils/commons-beanutils-core/1.7.0/commons-beanutils-core-1.7.0.jar:/home/rumble/.m2/repository/commons-logging/commons-logging/1.0.3/commons-logging-1.0.3.jar:/home/rumble/.m2/repository/commons-collections/commons-collections/2.0/commons-collections-2.0.jar:/home/rumble/.m2/repository/commons-cli/commons-cli/1.0/commons-cli-1.0.jar:/home/rumble/.m2/repository/commons-lang/commons-lang/1.0/commons-lang-1.0.jar:/home/rumble/.m2/repository/com/google/collections/google-collections/1.0/google-collections-1.0.jar:/home/rumble/.m2/repository/org/jdom/jdom/1.1/jdom-1.1.jar:/home/rumble/.m2/repository/org/slf4j/slf4j-api/1.6.4/slf4j-api-1.6.4.jar:"/>
    <property name="java.vm.specification.version" value="1.7"/>
    <property name="sun.arch.data.model" value="64"/>
    <property name="java.home" value="/usr/lib/jvm/java-1.7.0-openjdk-1.7.0.9.x86_64/jre"/>
    <property name="sun.java.command" value="/tmp/surefirebooter5495547457630247040.jar /tmp/surefire3191245595571046860tmp /tmp/surefire2077433725420668980tmp"/>
    <property name="java.specification.vendor" value="Oracle Corporation"/>
    <property name="user.language" value="en"/>
    <property name="awt.toolkit" value="sun.awt.X11.XToolkit"/>
    <property name="java.vm.info" value="mixed mode"/>
    <property name="java.version" value="1.7.0_09-icedtea"/>
    <property name="java.ext.dirs" value="/usr/lib/jvm/java-1.7.0-openjdk-1.7.0.9.x86_64/jre/lib/ext:/usr/java/packages/lib/ext"/>
    <property name="sun.boot.class.path" value="/usr/lib/jvm/java-1.7.0-openjdk-1.7.0.9.x86_64/jre/lib/resources.jar:/usr/lib/jvm/java-1.7.0-openjdk-1.7.0.9.x86_64/jre/lib/rt.jar:/usr/lib/jvm/java-1.7.0-openjdk-1.7.0.9.x86_64/jre/lib/sunrsasign.jar:/usr/lib/jvm/java-1.7.0-openjdk-1.7.0.9.x86_64/jre/lib/jsse.jar:/usr/lib/jvm/java-1.7.0-openjdk-1.7.0.9.x86_64/jre/lib/jce.jar:/usr/lib/jvm/java-1.7.0-openjdk-1.7.0.9.x86_64/jre/lib/charsets.jar:/usr/lib/jvm/java-1.7.0-openjdk-1.7.0.9.x86_64/jre/lib/netx.jar:/usr/lib/jvm/java-1.7.0-openjdk-1.7.0.9.x86_64/jre/lib/plugin.jar:/usr/lib/jvm/java-1.7.0-openjdk-1.7.0.9.x86_64/jre/lib/rhino.jar:/usr/lib/jvm/java-1.7.0-openjdk-1.7.0.9.x86_64/jre/lib/jfr.jar:/usr/lib/jvm/java-1.7.0-openjdk-1.7.0.9.x86_64/jre/classes"/>
    <property name="java.vendor" value="Oracle Corporation"/>
    <property name="localRepository" value="/home/rumble/.m2/repository"/>
    <property name="file.separator" value="/"/>
    <property name="java.vendor.url.bug" value="http://bugreport.sun.com/bugreport/"/>
    <property name="sun.cpu.endian" value="little"/>
    <property name="sun.io.unicode.encoding" value="UnicodeLittle"/>
    <property name="sun.cpu.isalist" value=""/>
  </properties>
  <testcase time="0.008" classname="com.yahoo.ycsb.TestByteIterator" name="testRandomByteIterator"/>
</testsuite>